<?xml version="1.0" encoding="UTF-8"?>
<!-- Generated by org.testng.reporters.JUnitReportReporter -->
<testsuite hostname="LAPTOP-T9AMV25E" failures="0" tests="9" name="com.parabank.testcases.TC_RegisterCustomerTest" time="52.953" errors="0" timestamp="2024-12-14T06:51:05 IST" skipped="0">
  <testcase classname="com.parabank.testcases.TC_RegisterCustomerTest" name="verifyAppLaunch" time="10.826"/>
  <system-out/>
  <testcase classname="com.parabank.testcases.TC_RegisterCustomerTest" name="verifyRegistration" time="5.835"/>
  <system-out/>
  <testcase classname="com.parabank.testcases.TC_RegisterCustomerTest" name="verifyLogOut" time="0.708"/>
  <system-out/>
  <testcase classname="com.parabank.testcases.TC_RegisterCustomerTest" name="verifyLogin" time="3.292"/>
  <system-out/>
  <testcase classname="com.parabank.testcases.TC_RegisterCustomerTest" name="verifyInitialAccountDetails" time="2.521"/>
  <system-out/>
  <testcase classname="com.parabank.testcases.TC_RegisterCustomerTest" name="verifyOpenNewAccount" time="10.717"/>
  <system-out/>
  <testcase classname="com.parabank.testcases.TC_RegisterCustomerTest" name="verifyFundsTransfer" time="6.903"/>
  <system-out/>
  <testcase classname="com.parabank.testcases.TC_RegisterCustomerTest" name="verifyBillPayment" time="7.666"/>
  <system-out/>
  <testcase classname="com.parabank.testcases.TC_RegisterCustomerTest" name="verifyTransactionDetailsByAmountAPI" time="4.485"/>
  <system-out/>
</testsuite> <!-- com.parabank.testcases.TC_RegisterCustomerTest -->
